[0.012][INFO]:      ChromeDriver 26.0.1383.0 /Users/demismeneghetti/git/caelum-curso-pm74/drivers/chromedriver
[0.506][FINE]:      Initializing session with capabilities {
   "browserName": "chrome",
   "chrome.switches": [  ],
   "chromeOptions": {
      "args": [  ],
      "extensions": [  ]
   },
   "platform": "ANY",
   "version": ""
}

[0.507][INFO]:      Launching chrome: /Applications/Google Chrome.app/Contents/MacOS/Google Chrome --disable-hang-monitor --disable-prompt-on-repost --dom-automation --full-memory-crash-report --no-default-browser-check --no-first-run --disable-background-networking --disable-sync --disable-translate --disable-web-resources --safebrowsing-disable-auto-update --safebrowsing-disable-download-protection --disable-client-side-phishing-detection --disable-component-update --disable-default-apps --enable-logging --log-level=1 --use-mock-keychain --ignore-certificate-errors about:blank
[5.077][INFO]:      Connected to Chrome successfully. Version: 27.0.1453.110
[5.114][FINE]:      Command received (/session/462426570982a97c17783be94b1afe2a)
[5.114][FINE]:      Command finished (/session/462426570982a97c17783be94b1afe2a) with response {
   "sessionId": "462426570982a97c17783be94b1afe2a",
   "status": 0,
   "value": {
      "acceptSslCerts": false,
      "applicationCacheEnabled": false,
      "browserConnectionEnabled": false,
      "browserName": "chrome",
      "chrome.chromedriverVersion": "26.0.1383.0",
      "cssSelectorsEnabled": true,
      "databaseEnabled": false,
      "handlesAlerts": true,
      "javascriptEnabled": true,
      "locationContextEnabled": false,
      "nativeEvents": true,
      "platform": "mac",
      "rotatable": false,
      "takesScreenshot": true,
      "version": "27.0.1453.110",
      "webStorageEnabled": true
   }
}

[5.184][FINE]:      Command received (/session/462426570982a97c17783be94b1afe2a/url) with params {
   "url": "http://www.google.com.br/"
}

[5.184][FINER]:     Waiting for all views to stop loading...
[5.185][FINER]:     Done waiting for all views to stop loading
[6.125][FINER]:     Waiting for all views to stop loading...
[6.127][FINER]:     Done waiting for all views to stop loading
[6.127][FINE]:      Command finished (/session/462426570982a97c17783be94b1afe2a/url) with response {
   "sessionId": "462426570982a97c17783be94b1afe2a",
   "status": 0,
   "value": {

   }
}

[6.158][FINE]:      Command received (/session/462426570982a97c17783be94b1afe2a/element) with params {
   "using": "name",
   "value": "q"
}

[6.158][FINER]:     Waiting for all views to stop loading...
[6.159][FINER]:     Done waiting for all views to stop loading
[6.214][FINER]:     Waiting for all views to stop loading...
[6.214][FINER]:     Done waiting for all views to stop loading
[6.214][FINE]:      Command finished (/session/462426570982a97c17783be94b1afe2a/element) with response {
   "sessionId": "462426570982a97c17783be94b1afe2a",
   "status": 0,
   "value": {
      "ELEMENT": ":wdc:1371487371623"
   }
}

[6.245][FINE]:      Command received (/session/462426570982a97c17783be94b1afe2a/element/:wdc:1371487371623/value) with params {
   "id": ":wdc:1371487371623",
   "value": [ "Camila Carolina Cardoso" ]
}

[6.245][FINER]:     Waiting for all views to stop loading...
[6.247][FINER]:     Done waiting for all views to stop loading
[6.802][FINER]:     Waiting for all views to stop loading...
[6.803][FINER]:     Done waiting for all views to stop loading
[6.803][FINE]:      Command finished (/session/462426570982a97c17783be94b1afe2a/element/:wdc:1371487371623/value) with response {
   "sessionId": "462426570982a97c17783be94b1afe2a",
   "status": 0,
   "value": {

   }
}

[6.805][FINE]:      Command received (/session/462426570982a97c17783be94b1afe2a/element/:wdc:1371487371623/submit) with params {
   "id": ":wdc:1371487371623"
}

[6.805][FINER]:     Waiting for all views to stop loading...
[6.805][FINER]:     Done waiting for all views to stop loading
[6.860][FINER]:     Waiting for all views to stop loading...
[6.860][FINER]:     Done waiting for all views to stop loading
[6.860][FINE]:      Command finished (/session/462426570982a97c17783be94b1afe2a/element/:wdc:1371487371623/submit) with response {
   "sessionId": "462426570982a97c17783be94b1afe2a",
   "status": 0,
   "value": null
}

[6.864][FINE]:      Command received (/session/462426570982a97c17783be94b1afe2a/window)
[7.310][INFO]:      Chrome shutdown
